1646732098742	geckodriver	INFO	Listening on 127.0.0.1:55649
1646732098745	mozrunner::runner	INFO	Running command: "/usr/bin/firefox" "--marionette" "--headless" "--remote-debugging-port" "34401" "-no-remote" "-profile" "/tmp/rust_mozprofile9qM5Bw"
*** You are running in headless mode.
1646732099142	Marionette	INFO	Marionette enabled
[GFX1-]: RenderCompositorSWGL failed mapping default framebuffer, no dt
console.warn: SearchSettings: "get: No settings file exists, new profile?" (new NotFoundError("Could not open the file at /tmp/rust_mozprofile9qM5Bw/search.json.mozlz4", (void 0)))
DevTools listening on ws://localhost:34401/devtools/browser/f560b6cf-ab09-479a-9979-1bea8bb3bc48
1646732100227	Marionette	INFO	Listening on port 36987
1646732100285	RemoteAgent	WARN	TLS certificate errors will be ignored for this session
1646732108528	Marionette	INFO	Stopped listening on port 36987
1646732120371	geckodriver	INFO	Listening on 127.0.0.1:45809
1646732120375	mozrunner::runner	INFO	Running command: "/usr/bin/firefox" "--marionette" "--headless" "--remote-debugging-port" "47951" "-no-remote" "-profile" "/tmp/rust_mozprofilexgmkBO"
*** You are running in headless mode.
1646732120795	Marionette	INFO	Marionette enabled
[GFX1-]: RenderCompositorSWGL failed mapping default framebuffer, no dt
console.warn: SearchSettings: "get: No settings file exists, new profile?" (new NotFoundError("Could not open the file at /tmp/rust_mozprofilexgmkBO/search.json.mozlz4", (void 0)))
DevTools listening on ws://localhost:47951/devtools/browser/7de73d7b-a757-4918-b487-80ec6aa99e21
1646732121915	Marionette	INFO	Listening on port 35295
1646732122023	RemoteAgent	WARN	TLS certificate errors will be ignored for this session
1646732127248	Marionette	INFO	Stopped listening on port 35295
1646732162938	geckodriver	INFO	Listening on 127.0.0.1:37057
1646732162941	mozrunner::runner	INFO	Running command: "/usr/bin/firefox" "--marionette" "--headless" "--remote-debugging-port" "42935" "-no-remote" "-profile" "/tmp/rust_mozprofiler7kQvm"
*** You are running in headless mode.
1646732163315	Marionette	INFO	Marionette enabled
[GFX1-]: RenderCompositorSWGL failed mapping default framebuffer, no dt
console.warn: SearchSettings: "get: No settings file exists, new profile?" (new NotFoundError("Could not open the file at /tmp/rust_mozprofiler7kQvm/search.json.mozlz4", (void 0)))
DevTools listening on ws://localhost:42935/devtools/browser/bf755403-ee15-4419-99b5-8902eb643e68
1646732164453	Marionette	INFO	Listening on port 34789
1646732164587	RemoteAgent	WARN	TLS certificate errors will be ignored for this session
1646732174035	Marionette	INFO	Stopped listening on port 34789
1646732196536	geckodriver	INFO	Listening on 127.0.0.1:50575
1646732196539	mozrunner::runner	INFO	Running command: "/usr/bin/firefox" "--marionette" "--headless" "--remote-debugging-port" "33575" "-no-remote" "-profile" "/tmp/rust_mozprofile16IZX5"
*** You are running in headless mode.
1646732196917	Marionette	INFO	Marionette enabled
[GFX1-]: RenderCompositorSWGL failed mapping default framebuffer, no dt
console.warn: SearchSettings: "get: No settings file exists, new profile?" (new NotFoundError("Could not open the file at /tmp/rust_mozprofile16IZX5/search.json.mozlz4", (void 0)))
DevTools listening on ws://localhost:33575/devtools/browser/0184e30d-d53d-418e-ab34-61c1a5c2c455
1646732198137	Marionette	INFO	Listening on port 36861
1646732198169	RemoteAgent	WARN	TLS certificate errors will be ignored for this session
1646732204104	Marionette	INFO	Stopped listening on port 36861
1646732222778	geckodriver	INFO	Listening on 127.0.0.1:43913
1646732222781	mozrunner::runner	INFO	Running command: "/usr/bin/firefox" "--marionette" "--headless" "--remote-debugging-port" "55581" "-no-remote" "-profile" "/tmp/rust_mozprofilepvscON"
*** You are running in headless mode.
1646732223168	Marionette	INFO	Marionette enabled
[GFX1-]: RenderCompositorSWGL failed mapping default framebuffer, no dt
console.warn: SearchSettings: "get: No settings file exists, new profile?" (new NotFoundError("Could not open the file at /tmp/rust_mozprofilepvscON/search.json.mozlz4", (void 0)))
DevTools listening on ws://localhost:55581/devtools/browser/2cf7d20d-cb9a-4288-8589-e9b241aedfd7
1646732224183	Marionette	INFO	Listening on port 35735
1646732224199	RemoteAgent	WARN	TLS certificate errors will be ignored for this session
1646732229890	Marionette	INFO	Stopped listening on port 35735

###!!! [Parent][PCompositorManagerParent] Error: RunMessage(msgname=PCompositorBridge::Msg___delete__) Channel closing: too late to send/recv, messages will be lost


###!!! [Parent][PImageBridgeParent] Error: RunMessage(msgname=PImageBridge::Msg_WillClose) Channel closing: too late to send/recv, messages will be lost

1646742046744	geckodriver	INFO	Listening on 127.0.0.1:57385
1646742046747	mozrunner::runner	INFO	Running command: "/usr/bin/firefox" "--marionette" "--headless" "--remote-debugging-port" "44553" "-no-remote" "-profile" "/tmp/rust_mozprofilervzbVj"
*** You are running in headless mode.
1646742047172	Marionette	INFO	Marionette enabled
[GFX1-]: RenderCompositorSWGL failed mapping default framebuffer, no dt
console.warn: SearchSettings: "get: No settings file exists, new profile?" (new NotFoundError("Could not open the file at /tmp/rust_mozprofilervzbVj/search.json.mozlz4", (void 0)))
DevTools listening on ws://localhost:44553/devtools/browser/257959fc-5bbc-4a5f-abcf-772f6af43a87
1646742048206	Marionette	INFO	Listening on port 37751
1646742048264	RemoteAgent	WARN	TLS certificate errors will be ignored for this session
1646742054664	Marionette	INFO	Stopped listening on port 37751

###!!! [Parent][PImageBridgeParent] Error: RunMessage(msgname=PImageBridge::Msg_WillClose) Channel closing: too late to send/recv, messages will be lost

1646742276746	geckodriver	INFO	Listening on 127.0.0.1:42257
1646742276749	mozrunner::runner	INFO	Running command: "/usr/bin/firefox" "--marionette" "--headless" "--remote-debugging-port" "42127" "-no-remote" "-profile" "/tmp/rust_mozprofileAr415s"
*** You are running in headless mode.
1646742277160	Marionette	INFO	Marionette enabled
[GFX1-]: RenderCompositorSWGL failed mapping default framebuffer, no dt
console.warn: SearchSettings: "get: No settings file exists, new profile?" (new NotFoundError("Could not open the file at /tmp/rust_mozprofileAr415s/search.json.mozlz4", (void 0)))
DevTools listening on ws://localhost:42127/devtools/browser/581c172e-ed0b-4a0e-9fac-e8bf5cd722c1
1646742278444	Marionette	INFO	Listening on port 37539
1646742278559	RemoteAgent	WARN	TLS certificate errors will be ignored for this session
1646742285767	Marionette	INFO	Stopped listening on port 37539
1646742347765	geckodriver	INFO	Listening on 127.0.0.1:44643
1646742347768	mozrunner::runner	INFO	Running command: "/usr/bin/firefox" "--marionette" "--headless" "--remote-debugging-port" "32911" "-no-remote" "-profile" "/tmp/rust_mozprofileDQDo8x"
*** You are running in headless mode.
1646742348189	Marionette	INFO	Marionette enabled
[GFX1-]: RenderCompositorSWGL failed mapping default framebuffer, no dt
console.warn: SearchSettings: "get: No settings file exists, new profile?" (new NotFoundError("Could not open the file at /tmp/rust_mozprofileDQDo8x/search.json.mozlz4", (void 0)))
DevTools listening on ws://localhost:32911/devtools/browser/0d82fec4-f5a0-4ae1-913b-1eb934b8febe
1646742349228	Marionette	INFO	Listening on port 42417
1646742349285	RemoteAgent	WARN	TLS certificate errors will be ignored for this session
1646742356133	Marionette	INFO	Stopped listening on port 42417

###!!! [Parent][PImageBridgeParent] Error: RunMessage(msgname=PImageBridge::Msg_WillClose) Channel closing: too late to send/recv, messages will be lost

1646742400226	geckodriver	INFO	Listening on 127.0.0.1:51927
1646742400234	mozrunner::runner	INFO	Running command: "/usr/bin/firefox" "--marionette" "--headless" "--remote-debugging-port" "58953" "-no-remote" "-profile" "/tmp/rust_mozprofilewb53o0"
*** You are running in headless mode.
1646742400618	Marionette	INFO	Marionette enabled
[GFX1-]: RenderCompositorSWGL failed mapping default framebuffer, no dt
console.warn: SearchSettings: "get: No settings file exists, new profile?" (new NotFoundError("Could not open the file at /tmp/rust_mozprofilewb53o0/search.json.mozlz4", (void 0)))
DevTools listening on ws://localhost:58953/devtools/browser/c324c61f-493f-48e0-a0b8-799d5fcccab6
1646742401885	Marionette	INFO	Listening on port 41459
1646742401954	RemoteAgent	WARN	TLS certificate errors will be ignored for this session
1646742412997	Marionette	INFO	Stopped listening on port 41459
1646742612784	geckodriver	INFO	Listening on 127.0.0.1:49663
1646742612787	mozrunner::runner	INFO	Running command: "/usr/bin/firefox" "--marionette" "--headless" "--remote-debugging-port" "42785" "-no-remote" "-profile" "/tmp/rust_mozprofiley2Cf0I"
*** You are running in headless mode.
1646742613183	Marionette	INFO	Marionette enabled
[GFX1-]: RenderCompositorSWGL failed mapping default framebuffer, no dt
console.warn: SearchSettings: "get: No settings file exists, new profile?" (new NotFoundError("Could not open the file at /tmp/rust_mozprofiley2Cf0I/search.json.mozlz4", (void 0)))
DevTools listening on ws://localhost:42785/devtools/browser/a46a871f-9b97-4641-af83-681de725140a
1646742614143	Marionette	INFO	Listening on port 38455
1646742614205	RemoteAgent	WARN	TLS certificate errors will be ignored for this session
1646742623215	Marionette	INFO	Stopped listening on port 38455
1646742668136	geckodriver	INFO	Listening on 127.0.0.1:42863
1646742668139	mozrunner::runner	INFO	Running command: "/usr/bin/firefox" "--marionette" "--headless" "--remote-debugging-port" "54287" "-no-remote" "-profile" "/tmp/rust_mozprofileSmCRCT"
*** You are running in headless mode.
1646742668535	Marionette	INFO	Marionette enabled
[GFX1-]: RenderCompositorSWGL failed mapping default framebuffer, no dt
console.warn: SearchSettings: "get: No settings file exists, new profile?" (new NotFoundError("Could not open the file at /tmp/rust_mozprofileSmCRCT/search.json.mozlz4", (void 0)))
DevTools listening on ws://localhost:54287/devtools/browser/f483e613-b743-46e4-a8c9-7cb1851a0c30
1646742669594	Marionette	INFO	Listening on port 38217
1646742669656	RemoteAgent	WARN	TLS certificate errors will be ignored for this session
1646742676270	Marionette	INFO	Stopped listening on port 38217
1646743244725	geckodriver	INFO	Listening on 127.0.0.1:39619
1646743244728	mozrunner::runner	INFO	Running command: "/usr/bin/firefox" "--marionette" "--headless" "--remote-debugging-port" "49849" "-no-remote" "-profile" "/tmp/rust_mozprofilecJbrVY"
*** You are running in headless mode.
1646743245143	Marionette	INFO	Marionette enabled
[GFX1-]: RenderCompositorSWGL failed mapping default framebuffer, no dt
console.warn: SearchSettings: "get: No settings file exists, new profile?" (new NotFoundError("Could not open the file at /tmp/rust_mozprofilecJbrVY/search.json.mozlz4", (void 0)))
DevTools listening on ws://localhost:49849/devtools/browser/9cbe336d-a79c-4800-96e7-b892d00360a3
1646743246129	Marionette	INFO	Listening on port 45437
1646743246146	RemoteAgent	WARN	TLS certificate errors will be ignored for this session
1646743253291	Marionette	INFO	Stopped listening on port 45437
1646743328330	geckodriver	INFO	Listening on 127.0.0.1:44679
1646743328333	mozrunner::runner	INFO	Running command: "/usr/bin/firefox" "--marionette" "--headless" "--remote-debugging-port" "56899" "-no-remote" "-profile" "/tmp/rust_mozprofilezueoVH"
*** You are running in headless mode.
1646743328735	Marionette	INFO	Marionette enabled
[GFX1-]: RenderCompositorSWGL failed mapping default framebuffer, no dt
console.warn: SearchSettings: "get: No settings file exists, new profile?" (new NotFoundError("Could not open the file at /tmp/rust_mozprofilezueoVH/search.json.mozlz4", (void 0)))
DevTools listening on ws://localhost:56899/devtools/browser/b809df9f-1d93-4faa-9681-ba6728cd2959
1646743329908	Marionette	INFO	Listening on port 46683
1646743329951	RemoteAgent	WARN	TLS certificate errors will be ignored for this session
1646743340065	Marionette	INFO	Stopped listening on port 46683
